TN:
SF:src\App.tsx
FN:8,(anonymous_0)
FN:27,(anonymous_1)
FN:31,(anonymous_2)
FN:35,(anonymous_3)
FN:39,(anonymous_4)
FN:44,(anonymous_5)
FNF:6
FNH:0
FNDA:0,(anonymous_0)
FNDA:0,(anonymous_1)
FNDA:0,(anonymous_2)
FNDA:0,(anonymous_3)
FNDA:0,(anonymous_4)
FNDA:0,(anonymous_5)
DA:8,0
DA:9,0
DA:10,0
DA:11,0
DA:12,0
DA:14,0
DA:16,0
DA:18,0
DA:25,0
DA:27,0
DA:31,0
DA:35,0
DA:39,0
DA:44,0
LF:14
LH:0
BRF:0
BRH:0
end_of_record
TN:
SF:src\components\AnswerInput.tsx
FN:4,AnswerInput
FN:15,(anonymous_1)
FN:26,(anonymous_2)
FN:53,(anonymous_3)
FNF:4
FNH:0
FNDA:0,AnswerInput
FNDA:0,(anonymous_1)
FNDA:0,(anonymous_2)
FNDA:0,(anonymous_3)
DA:15,0
DA:16,0
DA:17,0
DA:18,0
DA:19,0
DA:21,0
DA:26,0
DA:27,0
DA:29,0
DA:31,0
DA:33,0
DA:35,0
DA:37,0
DA:39,0
DA:41,0
DA:45,0
DA:53,0
LF:17
LH:0
BRDA:16,0,0,0
BRDA:16,0,1,0
BRDA:16,1,0,0
BRDA:16,1,1,0
BRDA:18,2,0,0
BRDA:18,2,1,0
BRDA:27,3,0,0
BRDA:27,3,1,0
BRDA:29,4,0,0
BRDA:29,4,1,0
BRDA:29,4,2,0
BRDA:29,4,3,0
BRDA:29,4,4,0
BRDA:29,4,5,0
BRDA:66,5,0,0
BRDA:66,5,1,0
BRF:16
BRH:0
end_of_record
TN:
SF:src\components\Card.tsx
FN:4,Card
FN:17,getVariantClasses
FN:26,ComparisonCard
FNF:3
FNH:0
FNDA:0,Card
FNDA:0,getVariantClasses
FNDA:0,ComparisonCard
DA:5,0
DA:18,0
DA:23,0
DA:31,0
LF:4
LH:0
BRDA:4,0,0,0
BRDA:23,1,0,0
BRDA:23,1,1,0
BRDA:29,2,0,0
BRF:4
BRH:0
end_of_record
TN:
SF:src\components\Exercise.tsx
FN:19,renderFullToAbbrevDetails
FN:46,renderAbbrevToFullDetails
FN:62,extractShortestFromPrefixInput
FN:75,renderPrefixDetails
FN:104,extractPrefixValueFromQuestion
FN:108,calculateDifference
FN:112,formatDifferenceMessage
FN:126,renderMathDetails
FN:162,isInvalidIPv6Format
FN:169,getInvalidFormatExplanation
FN:243,renderInvalidFormatWarning
FN:254,getExerciseSpecificDetails
FN:260,(anonymous_12)
FN:262,(anonymous_13)
FN:263,(anonymous_14)
FN:269,Exercise
FN:281,(anonymous_16)
FN:300,(anonymous_17)
FN:305,(anonymous_18)
FN:309,(anonymous_19)
FN:314,(anonymous_20)
FN:315,(anonymous_21)
FN:323,(anonymous_22)
FN:326,(anonymous_23)
FN:328,(anonymous_24)
FN:350,(anonymous_25)
FN:351,(anonymous_26)
FNF:27
FNH:0
FNDA:0,renderFullToAbbrevDetails
FNDA:0,renderAbbrevToFullDetails
FNDA:0,extractShortestFromPrefixInput
FNDA:0,renderPrefixDetails
FNDA:0,extractPrefixValueFromQuestion
FNDA:0,calculateDifference
FNDA:0,formatDifferenceMessage
FNDA:0,renderMathDetails
FNDA:0,isInvalidIPv6Format
FNDA:0,getInvalidFormatExplanation
FNDA:0,renderInvalidFormatWarning
FNDA:0,getExerciseSpecificDetails
FNDA:0,(anonymous_12)
FNDA:0,(anonymous_13)
FNDA:0,(anonymous_14)
FNDA:0,Exercise
FNDA:0,(anonymous_16)
FNDA:0,(anonymous_17)
FNDA:0,(anonymous_18)
FNDA:0,(anonymous_19)
FNDA:0,(anonymous_20)
FNDA:0,(anonymous_21)
FNDA:0,(anonymous_22)
FNDA:0,(anonymous_23)
FNDA:0,(anonymous_24)
FNDA:0,(anonymous_25)
FNDA:0,(anonymous_26)
DA:20,0
DA:21,0
DA:23,0
DA:47,0
DA:63,0
DA:64,0
DA:65,0
DA:66,0
DA:67,0
DA:68,0
DA:69,0
DA:71,0
DA:76,0
DA:77,0
DA:105,0
DA:109,0
DA:116,0
DA:117,0
DA:118,0
DA:120,0
DA:121,0
DA:123,0
DA:131,0
DA:132,0
DA:133,0
DA:135,0
DA:136,0
DA:146,0
DA:166,0
DA:170,0
DA:231,0
DA:244,0
DA:258,0
DA:259,0
DA:260,0
DA:262,0
DA:263,0
DA:265,0
DA:266,0
DA:275,0
DA:276,0
DA:277,0
DA:278,0
DA:279,0
DA:281,0
DA:282,0
DA:283,0
DA:284,0
DA:285,0
DA:287,0
DA:290,0
DA:296,0
DA:297,0
DA:298,0
DA:300,0
DA:301,0
DA:305,0
DA:306,0
DA:307,0
DA:308,0
DA:309,0
DA:310,0
DA:314,0
DA:315,0
DA:316,0
DA:317,0
DA:321,0
DA:323,0
DA:326,0
DA:327,0
DA:328,0
DA:329,0
DA:334,0
DA:350,0
DA:352,0
DA:353,0
DA:354,0
DA:355,0
DA:356,0
DA:357,0
LF:80
LH:0
BRDA:20,0,0,0
BRDA:20,0,1,0
BRDA:20,1,0,0
BRDA:20,1,1,0
BRDA:64,2,0,0
BRDA:64,2,1,0
BRDA:66,3,0,0
BRDA:66,3,1,0
BRDA:66,4,0,0
BRDA:66,4,1,0
BRDA:88,5,0,0
BRDA:88,5,1,0
BRDA:105,6,0,0
BRDA:105,6,1,0
BRDA:117,7,0,0
BRDA:117,7,1,0
BRDA:120,8,0,0
BRDA:120,8,1,0
BRDA:135,9,0,0
BRDA:135,9,1,0
BRDA:166,10,0,0
BRDA:166,10,1,0
BRDA:232,11,0,0
BRDA:232,11,1,0
BRDA:258,12,0,0
BRDA:258,12,1,0
BRDA:258,13,0,0
BRDA:258,13,1,0
BRDA:266,14,0,0
BRDA:266,14,1,0
BRDA:282,15,0,0
BRDA:282,15,1,0
BRDA:282,16,0,0
BRDA:282,16,1,0
BRDA:287,17,0,0
BRDA:287,17,1,0
BRDA:287,18,0,0
BRDA:287,18,1,0
BRDA:316,19,0,0
BRDA:316,19,1,0
BRDA:327,20,0,0
BRDA:327,20,1,0
BRDA:327,21,0,0
BRDA:327,21,1,0
BRDA:327,21,2,0
BRDA:352,22,0,0
BRDA:352,22,1,0
BRDA:354,23,0,0
BRDA:354,23,1,0
BRDA:356,24,0,0
BRDA:356,24,1,0
BRDA:366,25,0,0
BRDA:366,25,1,0
BRDA:374,26,0,0
BRDA:374,26,1,0
BRDA:382,27,0,0
BRDA:382,27,1,0
BRDA:388,28,0,0
BRDA:388,28,1,0
BRF:59
BRH:0
end_of_record
TN:
SF:src\components\ExerciseTabs.tsx
FN:70,createTabId
FN:74,createTabPaneId
FN:78,isActiveTab
FN:82,ExerciseTabs
FN:86,(anonymous_4)
FN:104,(anonymous_5)
FN:112,(anonymous_6)
FNF:7
FNH:0
FNDA:0,createTabId
FNDA:0,createTabPaneId
FNDA:0,isActiveTab
FNDA:0,ExerciseTabs
FNDA:0,(anonymous_4)
FNDA:0,(anonymous_5)
FNDA:0,(anonymous_6)
DA:7,0
DA:71,0
DA:75,0
DA:79,0
DA:83,0
DA:87,0
DA:105,0
DA:113,0
LF:8
LH:0
BRDA:89,0,0,0
BRDA:89,0,1,0
BRDA:107,1,0,0
BRDA:107,1,1,0
BRDA:114,2,0,0
BRDA:114,2,1,0
BRDA:124,3,0,0
BRDA:124,3,1,0
BRF:8
BRH:0
end_of_record
TN:
SF:src\components\Header.tsx
FN:4,Header
FNF:1
FNH:0
FNDA:0,Header
DA:5,0
LF:1
LH:0
BRF:0
BRH:0
end_of_record
TN:
SF:src\components\OffcanvasMenu.tsx
FN:4,MenuItem
FN:16,OffcanvasMenu
FN:33,(anonymous_2)
FNF:3
FNH:0
FNDA:0,MenuItem
FNDA:0,OffcanvasMenu
FNDA:0,(anonymous_2)
DA:5,0
DA:17,0
DA:19,0
DA:34,0
LF:4
LH:0
BRDA:22,0,0,0
BRDA:22,0,1,0
BRDA:24,1,0,0
BRDA:24,1,1,0
BRF:4
BRH:0
end_of_record
TN:
SF:src\components\ResultFeedback.tsx
FN:5,formatCorrectMessage
FN:9,formatIncorrectMessage
FN:13,formatResultMessage
FN:23,ResultFeedback
FNF:4
FNH:0
FNDA:0,formatCorrectMessage
FNDA:0,formatIncorrectMessage
FNDA:0,formatResultMessage
FNDA:0,ResultFeedback
DA:6,0
DA:10,0
DA:14,0
DA:15,0
DA:17,0
DA:18,0
DA:20,0
DA:24,0
LF:8
LH:0
BRDA:14,0,0,0
BRDA:14,0,1,0
BRDA:17,1,0,0
BRDA:17,1,1,0
BRDA:26,2,0,0
BRDA:26,2,1,0
BRDA:29,3,0,0
BRDA:29,3,1,0
BRDA:33,4,0,0
BRDA:33,4,1,0
BRF:10
BRH:0
end_of_record
TN:
SF:src\components\StatisticsDisplay.tsx
FN:3,calculateSuccessRate
FN:7,createStatsItems
FN:17,determineSuccessRateBadgeClass
FN:23,calculateCategorySuccessRate
FN:30,formatCategoryName
FN:34,hasCategoryData
FN:38,StatisticsDisplay
FN:49,(anonymous_7)
FN:95,(anonymous_8)
FNF:9
FNH:0
FNDA:0,calculateSuccessRate
FNDA:0,createStatsItems
FNDA:0,determineSuccessRateBadgeClass
FNDA:0,calculateCategorySuccessRate
FNDA:0,formatCategoryName
FNDA:0,hasCategoryData
FNDA:0,StatisticsDisplay
FNDA:0,(anonymous_7)
FNDA:0,(anonymous_8)
DA:4,0
DA:8,0
DA:9,0
DA:18,0
DA:19,0
DA:20,0
DA:27,0
DA:31,0
DA:35,0
DA:42,0
DA:44,0
DA:50,0
DA:96,0
DA:97,0
DA:98,0
LF:15
LH:0
BRDA:4,0,0,0
BRDA:4,0,1,0
BRDA:18,1,0,0
BRDA:18,1,1,0
BRDA:19,2,0,0
BRDA:19,2,1,0
BRDA:35,3,0,0
BRDA:35,3,1,0
BRDA:40,4,0,0
BRDA:63,5,0,0
BRDA:63,5,1,0
BRDA:80,6,0,0
BRDA:80,6,1,0
BRDA:80,6,2,0
BRDA:94,7,0,0
BRDA:94,7,1,0
BRF:16
BRH:0
end_of_record
TN:
SF:src\components\index.ts
FNF:0
FNH:0
LF:0
LH:0
BRF:0
BRH:0
end_of_record
TN:
SF:src\components\memory\MemoryDrillGame.tsx
FN:9,MemoryDrillGame
FN:57,(anonymous_1)
FN:73,(anonymous_2)
FN:101,(anonymous_3)
FN:102,(anonymous_4)
FNF:5
FNH:0
FNDA:0,MemoryDrillGame
FNDA:0,(anonymous_1)
FNDA:0,(anonymous_2)
FNDA:0,(anonymous_3)
FNDA:0,(anonymous_4)
DA:10,0
DA:24,0
DA:36,0
DA:47,0
DA:49,0
DA:51,0
DA:52,0
DA:57,0
DA:62,0
DA:63,0
DA:73,0
DA:79,0
DA:101,0
DA:102,0
LF:14
LH:0
BRDA:51,0,0,0
BRDA:51,0,1,0
BRDA:62,1,0,0
BRDA:62,1,1,0
BRF:4
BRH:0
end_of_record
TN:
SF:src\components\memory\MemoryDrillGameInterface.tsx
FN:18,(anonymous_0)
FN:20,GameHeader
FN:75,QuestionDisplay
FN:103,AnswerInput
FN:114,(anonymous_4)
FN:133,(anonymous_5)
FN:155,ResultDisplay
FN:195,ActionButtons
FN:225,ModeSelector
FN:241,(anonymous_9)
FN:248,(anonymous_10)
FN:258,GameControls
FN:286,(anonymous_12)
FN:300,PrefixSelectionModal
FN:309,(anonymous_14)
FN:310,(anonymous_15)
FN:311,(anonymous_16)
FN:315,(anonymous_17)
FN:319,(anonymous_18)
FN:323,(anonymous_19)
FN:328,(anonymous_20)
FN:352,(anonymous_21)
FN:383,(anonymous_22)
FN:390,(anonymous_23)
FN:432,QuickReference
FN:443,(anonymous_25)
FN:449,(anonymous_26)
FN:450,(anonymous_27)
FN:453,(anonymous_28)
FN:454,(anonymous_29)
FN:462,PrefixQuickReference
FN:475,(anonymous_31)
FN:488,HexToBinaryQuickReference
FN:512,(anonymous_33)
FN:522,BinaryToDecimalQuickReference
FN:529,(anonymous_35)
FN:529,(anonymous_36)
FN:539,BinaryToHexQuickReference
FN:546,(anonymous_38)
FN:546,(anonymous_39)
FN:557,IPv4BinaryToDecimalQuickReference
FN:578,(anonymous_41)
FN:588,SettingsModal
FN:598,(anonymous_43)
FN:609,(anonymous_44)
FN:633,(anonymous_45)
FN:654,(anonymous_46)
FN:679,(anonymous_47)
FN:732,MemoryDrillGameInterface
FN:814,(anonymous_49)
FN:816,(anonymous_50)
FN:838,(anonymous_51)
FNF:52
FNH:0
FNDA:0,(anonymous_0)
FNDA:0,GameHeader
FNDA:0,QuestionDisplay
FNDA:0,AnswerInput
FNDA:0,(anonymous_4)
FNDA:0,(anonymous_5)
FNDA:0,ResultDisplay
FNDA:0,ActionButtons
FNDA:0,ModeSelector
FNDA:0,(anonymous_9)
FNDA:0,(anonymous_10)
FNDA:0,GameControls
FNDA:0,(anonymous_12)
FNDA:0,PrefixSelectionModal
FNDA:0,(anonymous_14)
FNDA:0,(anonymous_15)
FNDA:0,(anonymous_16)
FNDA:0,(anonymous_17)
FNDA:0,(anonymous_18)
FNDA:0,(anonymous_19)
FNDA:0,(anonymous_20)
FNDA:0,(anonymous_21)
FNDA:0,(anonymous_22)
FNDA:0,(anonymous_23)
FNDA:0,QuickReference
FNDA:0,(anonymous_25)
FNDA:0,(anonymous_26)
FNDA:0,(anonymous_27)
FNDA:0,(anonymous_28)
FNDA:0,(anonymous_29)
FNDA:0,PrefixQuickReference
FNDA:0,(anonymous_31)
FNDA:0,HexToBinaryQuickReference
FNDA:0,(anonymous_33)
FNDA:0,BinaryToDecimalQuickReference
FNDA:0,(anonymous_35)
FNDA:0,(anonymous_36)
FNDA:0,BinaryToHexQuickReference
FNDA:0,(anonymous_38)
FNDA:0,(anonymous_39)
FNDA:0,IPv4BinaryToDecimalQuickReference
FNDA:0,(anonymous_41)
FNDA:0,SettingsModal
FNDA:0,(anonymous_43)
FNDA:0,(anonymous_44)
FNDA:0,(anonymous_45)
FNDA:0,(anonymous_46)
FNDA:0,(anonymous_47)
FNDA:0,MemoryDrillGameInterface
FNDA:0,(anonymous_49)
FNDA:0,(anonymous_50)
FNDA:0,(anonymous_51)
DA:18,0
DA:29,0
DA:80,0
DA:81,0
DA:114,0
DA:115,0
DA:116,0
DA:117,0
DA:118,0
DA:120,0
DA:125,0
DA:133,0
DA:160,0
DA:162,0
DA:206,0
DA:230,0
DA:237,0
DA:242,0
DA:248,0
DA:268,0
DA:286,0
DA:305,0
DA:309,0
DA:310,0
DA:311,0
DA:315,0
DA:316,0
DA:319,0
DA:320,0
DA:323,0
DA:324,0
DA:325,0
DA:328,0
DA:329,0
DA:330,0
DA:334,0
DA:352,0
DA:384,0
DA:390,0
DA:438,0
DA:442,0
DA:444,0
DA:449,0
DA:451,0
DA:453,0
DA:455,0
DA:458,0
DA:459,0
DA:469,0
DA:476,0
DA:477,0
DA:489,0
DA:513,0
DA:523,0
DA:529,0
DA:530,0
DA:540,0
DA:546,0
DA:547,0
DA:558,0
DA:572,0
DA:579,0
DA:596,0
DA:598,0
DA:599,0
DA:600,0
DA:601,0
DA:602,0
DA:603,0
DA:604,0
DA:609,0
DA:610,0
DA:611,0
DA:615,0
DA:633,0
DA:655,0
DA:680,0
DA:761,0
DA:763,0
DA:814,0
DA:816,0
DA:838,0
LF:82
LH:0
BRDA:35,0,0,0
BRDA:35,0,1,0
BRDA:38,1,0,0
BRDA:38,1,1,0
BRDA:45,2,0,0
BRDA:45,2,1,0
BRDA:65,3,0,0
BRDA:65,3,1,0
BRDA:80,4,0,0
BRDA:80,4,1,0
BRDA:87,5,0,0
BRDA:87,5,1,0
BRDA:90,6,0,0
BRDA:90,6,1,0
BRDA:90,6,2,0
BRDA:115,7,0,0
BRDA:115,7,1,0
BRDA:115,8,0,0
BRDA:115,8,1,0
BRDA:117,9,0,0
BRDA:117,9,1,0
BRDA:141,10,0,0
BRDA:141,10,1,0
BRDA:143,11,0,0
BRDA:143,11,1,0
BRDA:145,12,0,0
BRDA:145,12,1,0
BRDA:147,13,0,0
BRDA:147,13,1,0
BRDA:160,14,0,0
BRDA:160,14,1,0
BRDA:165,15,0,0
BRDA:165,15,1,0
BRDA:169,16,0,0
BRDA:169,16,1,0
BRDA:173,17,0,0
BRDA:173,17,1,0
BRDA:179,18,0,0
BRDA:179,18,1,0
BRDA:208,19,0,0
BRDA:208,19,1,0
BRDA:246,20,0,0
BRDA:246,20,1,0
BRDA:270,21,0,0
BRDA:270,21,1,0
BRDA:311,22,0,0
BRDA:311,22,1,0
BRDA:329,23,0,0
BRDA:329,23,1,0
BRDA:438,24,0,0
BRDA:438,24,1,0
BRDA:458,25,0,0
BRDA:458,25,1,0
BRDA:459,26,0,0
BRDA:459,26,1,0
BRDA:476,27,0,0
BRDA:476,27,1,0
BRDA:596,28,0,0
BRDA:596,28,1,0
BRDA:600,29,0,0
BRDA:600,29,1,0
BRDA:602,30,0,0
BRDA:602,30,1,0
BRDA:603,31,0,0
BRDA:603,31,1,0
BRDA:603,32,0,0
BRDA:603,32,1,0
BRDA:603,32,2,0
BRDA:610,33,0,0
BRDA:610,33,1,0
BRDA:653,34,0,0
BRDA:653,34,1,0
BRDA:657,35,0,0
BRDA:657,35,1,0
BRDA:677,36,0,0
BRDA:677,36,1,0
BRDA:678,37,0,0
BRDA:678,37,1,0
BRDA:690,38,0,0
BRDA:690,38,1,0
BRDA:712,39,0,0
BRDA:712,39,1,0
BRDA:713,40,0,0
BRDA:713,40,1,0
BRDA:766,41,0,0
BRDA:766,41,1,0
BRDA:775,42,0,0
BRDA:775,42,1,0
BRDA:794,43,0,0
BRDA:794,43,1,0
BRDA:820,44,0,0
BRDA:820,44,1,0
BRDA:834,45,0,0
BRDA:834,45,1,0
BRF:94
BRH:0
end_of_record
TN:
SF:src\components\memory\MemoryDrillInstructions.tsx
FN:5,getModeSpecificInstructions
FN:57,GameRules
FN:80,MemoryDrillInstructions
FNF:3
FNH:0
FNDA:0,getModeSpecificInstructions
FNDA:0,GameRules
FNDA:0,MemoryDrillInstructions
DA:6,0
DA:42,0
DA:43,0
DA:44,0
DA:58,0
DA:92,0
DA:93,0
LF:7
LH:0
BRDA:43,0,0,0
BRDA:43,0,1,0
BRDA:67,1,0,0
BRDA:67,1,1,0
BRDA:73,2,0,0
BRDA:73,2,1,0
BRDA:101,3,0,0
BRDA:101,3,1,0
BRDA:115,4,0,0
BRDA:115,4,1,0
BRF:10
BRH:0
end_of_record
TN:
SF:src\components\memory\MemoryDrillModeSelection.tsx
FN:9,(anonymous_0)
FN:11,GameInstructions
FN:34,ModeSelectionCard
FN:48,(anonymous_3)
FN:87,MemoryDrillModeSelection
FN:93,(anonymous_5)
FN:98,(anonymous_6)
FN:99,(anonymous_7)
FN:101,(anonymous_8)
FN:105,(anonymous_9)
FN:108,(anonymous_10)
FN:111,(anonymous_11)
FN:165,(anonymous_12)
FN:172,(anonymous_13)
FNF:14
FNH:0
FNDA:0,(anonymous_0)
FNDA:0,GameInstructions
FNDA:0,ModeSelectionCard
FNDA:0,(anonymous_3)
FNDA:0,MemoryDrillModeSelection
FNDA:0,(anonymous_5)
FNDA:0,(anonymous_6)
FNDA:0,(anonymous_7)
FNDA:0,(anonymous_8)
FNDA:0,(anonymous_9)
FNDA:0,(anonymous_10)
FNDA:0,(anonymous_11)
FNDA:0,(anonymous_12)
FNDA:0,(anonymous_13)
DA:9,0
DA:12,0
DA:43,0
DA:45,0
DA:48,0
DA:49,0
DA:51,0
DA:93,0
DA:94,0
DA:95,0
DA:97,0
DA:98,0
DA:99,0
DA:100,0
DA:101,0
DA:105,0
DA:106,0
DA:108,0
DA:109,0
DA:111,0
DA:112,0
DA:116,0
DA:121,0
DA:123,0
DA:166,0
DA:172,0
LF:26
LH:0
BRDA:41,0,0,0
BRDA:43,1,0,0
BRDA:43,1,1,0
BRDA:45,2,0,0
BRDA:45,2,1,0
BRDA:46,3,0,0
BRDA:46,3,1,0
BRDA:58,4,0,0
BRDA:58,4,1,0
BRDA:72,5,0,0
BRDA:72,5,1,0
BRDA:76,6,0,0
BRDA:76,6,1,0
BRDA:76,7,0,0
BRDA:76,7,1,0
BRDA:95,8,0,0
BRDA:95,8,1,0
BRDA:97,9,0,0
BRDA:97,9,1,0
BRDA:100,10,0,0
BRDA:100,10,1,0
BRDA:112,11,0,0
BRDA:112,11,1,0
BRDA:113,12,0,0
BRDA:113,12,1,0
BRF:25
BRH:0
end_of_record
TN:
SF:src\components\memory\index.ts
FNF:0
FNH:0
LF:0
LH:0
BRF:0
BRH:0
end_of_record
TN:
SF:src\components\modals\AboutModal.tsx
FN:4,AboutModal
FNF:1
FNH:0
FNDA:0,AboutModal
DA:5,0
LF:1
LH:0
BRF:0
BRH:0
end_of_record
TN:
SF:src\components\modals\DocsModal.tsx
FN:4,createRFCLink
FN:12,getRFCLinks
FN:47,createLearningResource
FN:54,getLearningResources
FN:75,DocsModal
FN:90,(anonymous_5)
FN:104,(anonymous_6)
FNF:7
FNH:0
FNDA:0,createRFCLink
FNDA:0,getRFCLinks
FNDA:0,createLearningResource
FNDA:0,getLearningResources
FNDA:0,DocsModal
FNDA:0,(anonymous_5)
FNDA:0,(anonymous_6)
DA:9,0
DA:13,0
DA:51,0
DA:55,0
DA:76,0
DA:77,0
DA:78,0
DA:91,0
DA:105,0
LF:9
LH:0
BRF:0
BRH:0
end_of_record
TN:
SF:src\components\modals\ModalDialog.tsx
FN:4,ModalDialog
FN:13,(anonymous_1)
FN:37,(anonymous_2)
FNF:3
FNH:0
FNDA:0,ModalDialog
FNDA:0,(anonymous_1)
FNDA:0,(anonymous_2)
DA:11,0
DA:13,0
DA:14,0
DA:15,0
DA:19,0
DA:37,0
LF:6
LH:0
BRDA:11,0,0,0
BRDA:11,0,1,0
BRDA:14,1,0,0
BRDA:14,1,1,0
BRDA:50,2,0,0
BRDA:50,2,1,0
BRF:6
BRH:0
end_of_record
TN:
SF:src\components\modals\StatsModal.tsx
FN:5,confirmStatsReset
FN:9,StatsModal
FN:15,(anonymous_2)
FNF:3
FNH:0
FNDA:0,confirmStatsReset
FNDA:0,StatsModal
FNDA:0,(anonymous_2)
DA:6,0
DA:15,0
DA:16,0
DA:17,0
DA:18,0
DA:21,0
LF:6
LH:0
BRDA:16,0,0,0
BRDA:16,0,1,0
BRF:2
BRH:0
end_of_record
TN:
SF:src\components\modals\index.ts
FNF:0
FNH:0
LF:0
LH:0
BRF:0
BRH:0
end_of_record
TN:
SF:src\constants\app.ts
FNF:0
FNH:0
DA:1,1
DA:9,1
DA:17,1
DA:24,1
DA:31,1
LF:5
LH:5
BRDA:18,0,0,1
BRDA:18,0,1,1
BRF:2
BRH:2
end_of_record
TN:
SF:src\constants\index.ts
FNF:0
FNH:0
LF:0
LH:0
BRF:0
BRH:0
end_of_record
TN:
SF:src\constants\memoryDrillModes.ts
FNF:0
FNH:0
DA:1,1
LF:1
LH:1
BRF:0
BRH:0
end_of_record
TN:
SF:src\constants\prefixModes.ts
FNF:0
FNH:0
DA:1,1
LF:1
LH:1
BRF:0
BRH:0
end_of_record
TN:
SF:src\hooks\index.ts
FNF:0
FNH:0
LF:0
LH:0
BRF:0
BRH:0
end_of_record
TN:
SF:src\hooks\useBatchOperations.ts
FN:4,useBatchOperations
FN:9,(anonymous_1)
FN:11,(anonymous_2)
FNF:3
FNH:0
FNDA:0,useBatchOperations
FNDA:0,(anonymous_1)
FNDA:0,(anonymous_2)
DA:8,0
DA:10,0
DA:11,0
DA:12,0
DA:13,0
DA:14,0
DA:15,0
DA:36,0
LF:8
LH:0
BRDA:10,0,0,0
BRDA:10,0,1,0
BRDA:10,1,0,0
BRDA:10,1,1,0
BRDA:13,2,0,0
BRDA:13,2,1,0
BRDA:14,3,0,0
BRDA:14,3,1,0
BRDA:19,4,0,0
BRDA:19,4,1,0
BRF:10
BRH:0
end_of_record
TN:
SF:src\hooks\useLocalStorageState.ts
FN:3,useLocalStorageState
FN:7,(anonymous_1)
FN:19,(anonymous_2)
FNF:3
FNH:0
FNDA:0,useLocalStorageState
FNDA:0,(anonymous_1)
FNDA:0,(anonymous_2)
DA:7,0
DA:8,0
DA:9,0
DA:10,0
DA:11,0
DA:13,0
DA:16,0
DA:19,0
DA:20,0
DA:23,0
LF:10
LH:0
BRDA:9,0,0,0
BRDA:9,0,1,0
BRF:2
BRH:0
end_of_record
TN:
SF:src\hooks\useMemoryDrillGame.ts
FN:10,(anonymous_0)
FN:12,getMasteredItemsInCurrentBatch
FN:21,(anonymous_2)
FN:25,getBatchName
FN:38,getTargetDescription
FN:46,getModeDisplayName
FN:57,getModeDescription
FN:73,getInputPlaceholder
FN:85,getInputPattern
FN:91,(anonymous_9)
FN:93,(anonymous_10)
FN:94,(anonymous_11)
FN:96,(anonymous_12)
FN:97,(anonymous_13)
FN:103,useMemoryDrillGame
FN:109,(anonymous_15)
FN:143,(anonymous_16)
FN:164,(anonymous_17)
FN:186,(anonymous_18)
FN:187,(anonymous_19)
FN:188,(anonymous_20)
FN:190,(anonymous_21)
FN:204,(anonymous_22)
FN:211,(anonymous_23)
FN:217,(anonymous_24)
FN:236,(anonymous_25)
FN:245,(anonymous_26)
FN:259,(anonymous_27)
FN:266,(anonymous_28)
FN:272,(anonymous_29)
FN:280,(anonymous_30)
FN:297,(anonymous_31)
FN:309,(anonymous_32)
FN:310,(anonymous_33)
FN:325,(anonymous_34)
FN:337,(anonymous_35)
FN:339,(anonymous_36)
FN:353,(anonymous_37)
FN:359,(anonymous_38)
FN:362,(anonymous_39)
FN:377,(anonymous_40)
FN:390,(anonymous_41)
FNF:42
FNH:0
FNDA:0,(anonymous_0)
FNDA:0,getMasteredItemsInCurrentBatch
FNDA:0,(anonymous_2)
FNDA:0,getBatchName
FNDA:0,getTargetDescription
FNDA:0,getModeDisplayName
FNDA:0,getModeDescription
FNDA:0,getInputPlaceholder
FNDA:0,getInputPattern
FNDA:0,(anonymous_9)
FNDA:0,(anonymous_10)
FNDA:0,(anonymous_11)
FNDA:0,(anonymous_12)
FNDA:0,(anonymous_13)
FNDA:0,useMemoryDrillGame
FNDA:0,(anonymous_15)
FNDA:0,(anonymous_16)
FNDA:0,(anonymous_17)
FNDA:0,(anonymous_18)
FNDA:0,(anonymous_19)
FNDA:0,(anonymous_20)
FNDA:0,(anonymous_21)
FNDA:0,(anonymous_22)
FNDA:0,(anonymous_23)
FNDA:0,(anonymous_24)
FNDA:0,(anonymous_25)
FNDA:0,(anonymous_26)
FNDA:0,(anonymous_27)
FNDA:0,(anonymous_28)
FNDA:0,(anonymous_29)
FNDA:0,(anonymous_30)
FNDA:0,(anonymous_31)
FNDA:0,(anonymous_32)
FNDA:0,(anonymous_33)
FNDA:0,(anonymous_34)
FNDA:0,(anonymous_35)
FNDA:0,(anonymous_36)
FNDA:0,(anonymous_37)
FNDA:0,(anonymous_38)
FNDA:0,(anonymous_39)
FNDA:0,(anonymous_40)
FNDA:0,(anonymous_41)
DA:10,0
DA:16,0
DA:18,0
DA:19,0
DA:20,0
DA:21,0
DA:29,0
DA:31,0
DA:32,0
DA:33,0
DA:35,0
DA:39,0
DA:40,0
DA:41,0
DA:43,0
DA:47,0
DA:54,0
DA:58,0
DA:70,0
DA:74,0
DA:75,0
DA:82,0
DA:89,0
DA:90,0
DA:92,0
DA:93,0
DA:95,0
DA:96,0
DA:98,0
DA:100,0
DA:108,0
DA:109,0
DA:138,0
DA:143,0
DA:144,0
DA:145,0
DA:148,0
DA:149,0
DA:150,0
DA:151,0
DA:152,0
DA:154,0
DA:155,0
DA:157,0
DA:158,0
DA:161,0
DA:163,0
DA:164,0
DA:185,0
DA:186,0
DA:187,0
DA:189,0
DA:191,0
DA:196,0
DA:202,0
DA:204,0
DA:205,0
DA:206,0
DA:207,0
DA:208,0
DA:209,0
DA:210,0
DA:211,0
DA:212,0
DA:217,0
DA:218,0
DA:219,0
DA:220,0
DA:221,0
DA:222,0
DA:223,0
DA:232,0
DA:233,0
DA:234,0
DA:235,0
DA:236,0
DA:238,0
DA:241,0
DA:245,0
DA:247,0
DA:259,0
DA:260,0
DA:261,0
DA:262,0
DA:263,0
DA:264,0
DA:265,0
DA:266,0
DA:267,0
DA:271,0
DA:273,0
DA:274,0
DA:280,0
DA:281,0
DA:286,0
DA:290,0
DA:291,0
DA:292,0
DA:293,0
DA:294,0
DA:295,0
DA:296,0
DA:297,0
DA:298,0
DA:308,0
DA:310,0
DA:315,0
DA:316,0
DA:317,0
DA:318,0
DA:319,0
DA:320,0
DA:321,0
DA:322,0
DA:323,0
DA:324,0
DA:325,0
DA:326,0
DA:329,0
DA:330,0
DA:331,0
DA:337,0
DA:338,0
DA:339,0
DA:346,0
DA:347,0
DA:348,0
DA:349,0
DA:350,0
DA:351,0
DA:352,0
DA:353,0
DA:354,0
DA:358,0
DA:360,0
DA:361,0
DA:362,0
DA:371,0
DA:376,0
DA:378,0
DA:379,0
DA:380,0
DA:381,0
DA:382,0
DA:383,0
DA:390,0
DA:391,0
DA:392,0
DA:398,0
LF:149
LH:0
BRDA:16,0,0,0
BRDA:16,0,1,0
BRDA:18,1,0,0
BRDA:18,1,1,0
BRDA:19,2,0,0
BRDA:19,2,1,0
BRDA:21,3,0,0
BRDA:21,3,1,0
BRDA:29,4,0,0
BRDA:29,4,1,0
BRDA:32,5,0,0
BRDA:32,5,1,0
BRDA:39,6,0,0
BRDA:39,6,1,0
BRDA:40,7,0,0
BRDA:40,7,1,0
BRDA:54,8,0,0
BRDA:54,8,1,0
BRDA:70,9,0,0
BRDA:70,9,1,0
BRDA:74,10,0,0
BRDA:74,10,1,0
BRDA:82,11,0,0
BRDA:82,11,1,0
BRDA:89,12,0,0
BRDA:89,12,1,0
BRDA:92,13,0,0
BRDA:92,13,1,0
BRDA:92,13,2,0
BRDA:95,14,0,0
BRDA:95,14,1,0
BRDA:95,14,2,0
BRDA:98,15,0,0
BRDA:98,15,1,0
BRDA:98,15,2,0
BRDA:100,16,0,0
BRDA:100,16,1,0
BRDA:145,17,0,0
BRDA:145,17,1,0
BRDA:159,18,0,0
BRDA:159,18,1,0
BRDA:166,19,0,0
BRDA:166,19,1,0
BRDA:167,20,0,0
BRDA:167,20,1,0
BRDA:169,21,0,0
BRDA:169,21,1,0
BRDA:170,22,0,0
BRDA:170,22,1,0
BRDA:205,23,0,0
BRDA:205,23,1,0
BRDA:218,24,0,0
BRDA:218,24,1,0
BRDA:218,25,0,0
BRDA:218,25,1,0
BRDA:218,25,2,0
BRDA:233,26,0,0
BRDA:233,26,1,0
BRDA:238,27,0,0
BRDA:238,27,1,0
BRDA:273,28,0,0
BRDA:273,28,1,0
BRDA:273,29,0,0
BRDA:273,29,1,0
BRDA:281,30,0,0
BRDA:281,30,1,0
BRDA:317,31,0,0
BRDA:317,31,1,0
BRDA:317,32,0,0
BRDA:317,32,1,0
BRDA:319,33,0,0
BRDA:319,33,1,0
BRDA:342,34,0,0
BRDA:342,34,1,0
BRDA:360,35,0,0
BRDA:360,35,1,0
BRDA:379,36,0,0
BRDA:379,36,1,0
BRDA:381,37,0,0
BRDA:381,37,1,0
BRDA:382,38,0,0
BRDA:382,38,1,0
BRDA:382,39,0,0
BRDA:382,39,1,0
BRDA:382,39,2,0
BRF:85
BRH:0
end_of_record
TN:
SF:src\hooks\useQuestionGenerator.ts
FN:5,(anonymous_0)
FN:7,generatePrefixQuestion
FN:16,(anonymous_2)
FN:40,generateHexToBinaryQuestion
FN:71,generateBinaryToDecimalQuestion
FN:84,generateBinaryToHexQuestion
FN:98,generateIPv4BinaryToDecimalQuestion
FN:111,useQuestionGenerator
FN:116,(anonymous_8)
FN:122,(anonymous_9)
FNF:10
FNH:0
FNDA:0,(anonymous_0)
FNDA:0,generatePrefixQuestion
FNDA:0,(anonymous_2)
FNDA:0,generateHexToBinaryQuestion
FNDA:0,generateBinaryToDecimalQuestion
FNDA:0,generateBinaryToHexQuestion
FNDA:0,generateIPv4BinaryToDecimalQuestion
FNDA:0,useQuestionGenerator
FNDA:0,(anonymous_8)
FNDA:0,(anonymous_9)
DA:5,0
DA:12,0
DA:14,0
DA:16,0
DA:18,0
DA:19,0
DA:24,0
DA:25,0
DA:29,0
DA:31,0
DA:41,0
DA:59,0
DA:60,0
DA:62,0
DA:72,0
DA:73,0
DA:75,0
DA:85,0
DA:86,0
DA:87,0
DA:89,0
DA:99,0
DA:100,0
DA:102,0
DA:116,0
DA:117,0
DA:118,0
DA:121,0
DA:123,0
DA:131,0
DA:132,0
DA:133,0
DA:136,0
LF:33
LH:0
BRDA:12,0,0,0
BRDA:12,0,1,0
BRDA:15,1,0,0
BRDA:15,1,1,0
BRDA:16,2,0,0
BRDA:16,2,1,0
BRDA:18,3,0,0
BRDA:18,3,1,0
BRDA:19,4,0,0
BRDA:19,4,1,0
BRDA:24,5,0,0
BRDA:24,5,1,0
BRDA:117,6,0,0
BRDA:117,6,1,0
BRDA:132,7,0,0
BRDA:132,7,1,0
BRF:16
BRH:0
end_of_record
TN:
SF:src\hooks\useStatistics.ts
FN:4,loadStatsFromStorage
FN:30,saveStatsToStorage
FN:34,useStatistics
FN:37,(anonymous_3)
FN:41,(anonymous_4)
FN:42,(anonymous_5)
FN:58,(anonymous_6)
FNF:7
FNH:0
FNDA:0,loadStatsFromStorage
FNDA:0,saveStatsToStorage
FNDA:0,useStatistics
FNDA:0,(anonymous_3)
FNDA:0,(anonymous_4)
FNDA:0,(anonymous_5)
FNDA:0,(anonymous_6)
DA:5,0
DA:6,0
DA:7,0
DA:8,0
DA:9,0
DA:10,0
DA:15,0
DA:17,0
DA:21,0
DA:31,0
DA:35,0
DA:37,0
DA:38,0
DA:41,0
DA:42,0
DA:58,0
DA:59,0
DA:68,0
LF:18
LH:0
BRDA:6,0,0,0
BRDA:6,0,1,0
BRDA:9,1,0,0
BRDA:9,1,1,0
BRDA:9,2,0,0
BRDA:9,2,1,0
BRDA:45,3,0,0
BRDA:45,3,1,0
BRDA:50,4,0,0
BRDA:50,4,1,0
BRDA:52,5,0,0
BRDA:52,5,1,0
BRDA:52,6,0,0
BRDA:52,6,1,0
BRF:14
BRH:0
end_of_record
TN:
SF:src\hooks\useTheme.ts
FN:5,useTheme
FN:6,(anonymous_1)
FN:9,(anonymous_2)
FN:13,(anonymous_3)
FN:17,(anonymous_4)
FN:23,(anonymous_5)
FN:27,(anonymous_6)
FNF:7
FNH:0
FNDA:0,useTheme
FNDA:0,(anonymous_1)
FNDA:0,(anonymous_2)
FNDA:0,(anonymous_3)
FNDA:0,(anonymous_4)
FNDA:0,(anonymous_5)
FNDA:0,(anonymous_6)
DA:6,0
DA:7,0
DA:9,0
DA:10,0
DA:13,0
DA:14,0
DA:17,0
DA:18,0
DA:21,0
DA:23,0
DA:24,0
DA:26,0
DA:28,0
DA:29,0
DA:33,0
DA:36,0
LF:16
LH:0
BRF:0
BRH:0
end_of_record
TN:
SF:src\services\index.ts
FNF:0
FNH:0
LF:0
LH:0
BRF:0
BRH:0
end_of_record
TN:
SF:src\services\theme.service.ts
FN:25,(anonymous_0)
FN:30,(anonymous_1)
FN:39,(anonymous_2)
FN:43,(anonymous_3)
FN:50,(anonymous_4)
FN:54,(anonymous_5)
FN:65,(anonymous_6)
FN:71,(anonymous_7)
FN:74,(anonymous_8)
FN:79,(anonymous_9)
FN:83,(anonymous_10)
FN:104,(anonymous_11)
FN:113,(anonymous_12)
FN:121,(anonymous_13)
FN:127,(anonymous_14)
FN:144,(anonymous_15)
FN:156,(anonymous_16)
FN:168,(anonymous_17)
FN:172,(anonymous_18)
FN:181,(anonymous_19)
FN:185,(anonymous_20)
FNF:21
FNH:0
FNDA:0,(anonymous_0)
FNDA:0,(anonymous_1)
FNDA:0,(anonymous_2)
FNDA:0,(anonymous_3)
FNDA:0,(anonymous_4)
FNDA:0,(anonymous_5)
FNDA:0,(anonymous_6)
FNDA:0,(anonymous_7)
FNDA:0,(anonymous_8)
FNDA:0,(anonymous_9)
FNDA:0,(anonymous_10)
FNDA:0,(anonymous_11)
FNDA:0,(anonymous_12)
FNDA:0,(anonymous_13)
FNDA:0,(anonymous_14)
FNDA:0,(anonymous_15)
FNDA:0,(anonymous_16)
FNDA:0,(anonymous_17)
FNDA:0,(anonymous_18)
FNDA:0,(anonymous_19)
FNDA:0,(anonymous_20)
DA:9,0
DA:16,0
DA:22,0
DA:23,0
DA:26,0
DA:27,0
DA:31,0
DA:32,0
DA:35,0
DA:36,0
DA:40,0
DA:44,0
DA:45,0
DA:47,0
DA:51,0
DA:55,0
DA:56,0
DA:59,0
DA:60,0
DA:61,0
DA:62,0
DA:66,0
DA:67,0
DA:68,0
DA:72,0
DA:74,0
DA:75,0
DA:80,0
DA:84,0
DA:85,0
DA:88,0
DA:89,0
DA:90,0
DA:92,0
DA:97,0
DA:104,0
DA:105,0
DA:107,0
DA:108,0
DA:109,0
DA:114,0
DA:115,0
DA:122,0
DA:123,0
DA:124,0
DA:128,0
DA:129,0
DA:132,0
DA:133,0
DA:134,0
DA:135,0
DA:138,0
DA:141,0
DA:145,0
DA:146,0
DA:149,0
DA:150,0
DA:152,0
DA:157,0
DA:158,0
DA:161,0
DA:162,0
DA:169,0
DA:170,0
DA:172,0
DA:173,0
DA:174,0
DA:176,0
DA:182,0
DA:186,0
DA:187,0
DA:191,0
DA:193,0
DA:197,0
LF:74
LH:0
BRDA:31,0,0,0
BRDA:31,0,1,0
BRDA:44,1,0,0
BRDA:44,1,1,0
BRDA:55,2,0,0
BRDA:55,2,1,0
BRDA:67,3,0,0
BRDA:67,3,1,0
BRDA:84,4,0,0
BRDA:84,4,1,0
BRDA:84,5,0,0
BRDA:84,5,1,0
BRDA:107,6,0,0
BRDA:107,6,1,0
BRDA:114,7,0,0
BRDA:114,7,1,0
BRDA:117,8,0,0
BRDA:117,8,1,0
BRDA:128,9,0,0
BRDA:128,9,1,0
BRDA:134,10,0,0
BRDA:134,10,1,0
BRDA:134,11,0,0
BRDA:134,11,1,0
BRDA:145,12,0,0
BRDA:145,12,1,0
BRDA:157,13,0,0
BRDA:157,13,1,0
BRDA:186,14,0,0
BRDA:186,14,1,0
BRF:30
BRH:0
end_of_record
TN:
SF:src\types\common.ts
FNF:0
FNH:0
LF:0
LH:0
BRF:0
BRH:0
end_of_record
TN:
SF:src\types\exercise.ts
FNF:0
FNH:0
LF:0
LH:0
BRF:0
BRH:0
end_of_record
TN:
SF:src\types\index.ts
FNF:0
FNH:0
LF:0
LH:0
BRF:0
BRH:0
end_of_record
TN:
SF:src\types\memory-drill.ts
FNF:0
FNH:0
LF:0
LH:0
BRF:0
BRH:0
end_of_record
TN:
SF:src\types\statistics.ts
FNF:0
FNH:0
LF:0
LH:0
BRF:0
BRH:0
end_of_record
TN:
SF:src\types\theme.ts
FNF:0
FNH:0
LF:0
LH:0
BRF:0
BRH:0
end_of_record
TN:
SF:src\types\ui.ts
FNF:0
FNH:0
LF:0
LH:0
BRF:0
BRH:0
end_of_record
TN:
SF:src\utils\exerciseGenerators.ts
FN:21,getRandomInt
FN:27,getCommonPrefixLengths
FN:31,selectRandomCommonLength
FN:33,(anonymous_3)
FN:40,shouldUseCommonLength
FN:44,shouldUseCommonDiv4Length
FN:48,getPrefixLengthForDiv4Mode
FN:50,(anonymous_7)
FN:57,getPrefixLengthForNotDiv4Mode
FN:65,getPrefixLength
FN:82,generateFullToAbbrevExercise
FN:107,generateAbbrevToFullExercise
FN:132,generatePrefixExercise
FN:146,calculatePrefixValueForMathExercise
FN:157,generateMathExercise
FN:178,createExerciseGenerator
FN:182,(anonymous_16)
FNF:17
FNH:11
FNDA:67,getRandomInt
FNDA:5,getCommonPrefixLengths
FNDA:5,selectRandomCommonLength
FNDA:80,(anonymous_3)
FNDA:11,shouldUseCommonLength
FNDA:0,shouldUseCommonDiv4Length
FNDA:0,getPrefixLengthForDiv4Mode
FNDA:0,(anonymous_7)
FNDA:0,getPrefixLengthForNotDiv4Mode
FNDA:11,getPrefixLength
FNDA:16,generateFullToAbbrevExercise
FNDA:11,generateAbbrevToFullExercise
FNDA:11,generatePrefixExercise
FNDA:61,calculatePrefixValueForMathExercise
FNDA:61,generateMathExercise
FNDA:0,createExerciseGenerator
FNDA:0,(anonymous_16)
DA:14,3
DA:22,67
DA:23,67
DA:24,67
DA:28,5
DA:32,5
DA:33,80
DA:34,5
DA:35,0
DA:37,5
DA:41,11
DA:45,0
DA:49,0
DA:50,0
DA:51,0
DA:52,0
DA:54,0
DA:59,0
DA:60,0
DA:62,0
DA:66,11
DA:67,5
DA:69,6
DA:71,0
DA:73,0
DA:75,0
DA:78,6
DA:83,16
DA:84,16
DA:85,16
DA:87,16
DA:88,15
DA:96,1
DA:97,1
DA:99,0
DA:108,11
DA:109,11
DA:110,11
DA:112,11
DA:113,10
DA:121,1
DA:122,1
DA:124,0
DA:135,11
DA:136,11
DA:137,11
DA:138,11
DA:147,61
DA:149,0
DA:150,0
DA:152,0
DA:154,61
DA:160,61
DA:161,61
DA:171,3
DA:182,0
DA:183,0
DA:184,0
DA:185,0
LF:59
LH:37
BRDA:33,0,0,80
BRDA:33,0,1,80
BRDA:34,1,0,0
BRDA:34,1,1,5
BRDA:50,2,0,0
BRDA:50,2,1,0
BRDA:51,3,0,0
BRDA:51,3,1,0
BRDA:51,4,0,0
BRDA:51,4,1,0
BRDA:65,5,0,11
BRDA:66,6,0,5
BRDA:66,6,1,6
BRDA:66,7,0,11
BRDA:66,7,1,11
BRDA:69,8,0,0
BRDA:69,8,1,0
BRDA:69,8,2,0
BRDA:69,8,3,6
BRDA:69,8,4,6
BRDA:87,9,0,15
BRDA:87,9,1,1
BRDA:97,10,0,1
BRDA:97,10,1,0
BRDA:112,11,0,10
BRDA:112,11,1,1
BRDA:122,12,0,1
BRDA:122,12,1,0
BRDA:133,13,0,11
BRDA:147,14,0,0
BRDA:147,14,1,61
BRDA:151,15,0,0
BRDA:151,15,1,0
BRDA:158,16,0,61
BRDA:180,17,0,0
BRDA:184,18,0,0
BRDA:184,18,1,0
BRDA:185,19,0,0
BRDA:185,19,1,0
BRF:39
BRH:19
end_of_record
TN:
SF:src\utils\index.ts
FNF:0
FNH:0
LF:0
LH:0
BRF:0
BRH:0
end_of_record
TN:
SF:src\utils\ipv6Utils.tsx
FN:10,KaTeX
FN:20,formatIPv6WithBreaks
FN:21,(anonymous_2)
FN:33,isIPv6Address
FN:37,renderIPv6Question
FN:73,shouldRenderWithKaTeX
FN:77,renderWithKaTeX
FN:82,generateInterestingHexWithRepeatedDigits
FN:87,generateInterestingHexWithRandomPattern
FN:100,generateFullyRandomHex
FN:104,generateSmallRandomHex
FN:108,generateInterestingHex
FN:123,generateHexWithLeadingZeros
FN:132,createIPv6WithInterestingHexPattern
FN:143,createIPv6WithMiddleCompression
FN:151,createIPv6WithTrailingCompression
FN:159,createIPv6WithLeadingZeros
FN:170,createIPv6WithMixedZeros
FN:181,createDocumentationPrefix
FN:191,createUniqueLocalAddress
FN:202,createIPv6WithDocumentationOrULA
FN:210,ensureNonZeroAddress
FN:211,(anonymous_22)
FN:216,generateEducationalIPv6
FN:236,generateRandomIPv6Parts
FN:249,randomIPv6
FN:257,fullIPv6Format
FN:259,(anonymous_27)
FN:263,shortestAbbreviation
FN:268,calculateFullHextets
FN:272,calculateRemainingBits
FN:276,createBitMask
FN:280,applyPrefixMask
FN:297,ipv6Prefix
FN:306,addressHasInterestingPattern
FN:309,(anonymous_35)
FN:316,addressHasInterestingCompression
FN:319,(anonymous_37)
FN:332,tryGenerateInterestingFullToAbbrev
FN:350,tryGenerateInterestingAbbrevToFull
FNF:40
FNH:38
FNDA:2,KaTeX
FNDA:2,formatIPv6WithBreaks
FNDA:12,(anonymous_2)
FNDA:1,isIPv6Address
FNDA:4,renderIPv6Question
FNDA:3,shouldRenderWithKaTeX
FNDA:3,renderWithKaTeX
FNDA:7,generateInterestingHexWithRepeatedDigits
FNDA:5,generateInterestingHexWithRandomPattern
FNDA:6,generateFullyRandomHex
FNDA:6,generateSmallRandomHex
FNDA:24,generateInterestingHex
FNDA:4,generateHexWithLeadingZeros
FNDA:2,createIPv6WithInterestingHexPattern
FNDA:2,createIPv6WithMiddleCompression
FNDA:2,createIPv6WithTrailingCompression
FNDA:1,createIPv6WithLeadingZeros
FNDA:0,createIPv6WithMixedZeros
FNDA:0,createDocumentationPrefix
FNDA:1,createUniqueLocalAddress
FNDA:1,createIPv6WithDocumentationOrULA
FNDA:40,ensureNonZeroAddress
FNDA:40,(anonymous_22)
FNDA:8,generateEducationalIPv6
FNDA:32,generateRandomIPv6Parts
FNDA:40,randomIPv6
FNDA:40,fullIPv6Format
FNDA:320,(anonymous_27)
FNDA:51,shortestAbbreviation
FNDA:11,calculateFullHextets
FNDA:11,calculateRemainingBits
FNDA:10,createBitMask
FNDA:11,applyPrefixMask
FNDA:11,ipv6Prefix
FNDA:17,addressHasInterestingPattern
FNDA:90,(anonymous_35)
FNDA:12,addressHasInterestingCompression
FNDA:2,(anonymous_37)
FNDA:1,tryGenerateInterestingFullToAbbrev
FNDA:1,tryGenerateInterestingAbbrevToFull
DA:11,2
DA:21,2
DA:22,12
DA:34,1
DA:38,4
DA:39,4
DA:40,2
DA:41,2
DA:42,0
DA:45,2
DA:47,2
DA:48,1
DA:49,1
DA:50,1
DA:51,0
DA:53,1
DA:61,1
DA:62,1
DA:70,2
DA:74,3
DA:78,3
DA:79,0
DA:83,7
DA:84,7
DA:88,5
DA:89,5
DA:90,5
DA:91,5
DA:92,5
DA:101,6
DA:105,6
DA:109,24
DA:116,24
DA:117,24
DA:118,0
DA:120,24
DA:124,4
DA:125,4
DA:126,4
DA:127,0
DA:129,4
DA:133,2
DA:134,2
DA:135,2
DA:136,2
DA:137,2
DA:138,2
DA:139,2
DA:140,2
DA:144,2
DA:145,2
DA:146,2
DA:147,2
DA:148,2
DA:152,2
DA:153,2
DA:154,2
DA:155,2
DA:156,2
DA:160,1
DA:161,1
DA:162,1
DA:163,1
DA:164,1
DA:165,1
DA:166,1
DA:167,1
DA:171,0
DA:172,0
DA:173,0
DA:174,0
DA:175,0
DA:176,0
DA:177,0
DA:178,0
DA:182,0
DA:183,0
DA:184,0
DA:185,0
DA:186,0
DA:187,0
DA:188,0
DA:192,1
DA:193,1
DA:194,1
DA:195,1
DA:196,1
DA:197,1
DA:198,1
DA:199,1
DA:203,1
DA:204,0
DA:206,1
DA:211,40
DA:212,0
DA:217,8
DA:218,8
DA:219,8
DA:227,8
DA:228,8
DA:229,0
DA:231,8
DA:232,8
DA:233,8
DA:237,32
DA:238,32
DA:239,256
DA:240,128
DA:242,128
DA:245,32
DA:246,32
DA:250,40
DA:251,8
DA:253,32
DA:254,32
DA:258,40
DA:259,320
DA:264,51
DA:269,11
DA:273,11
DA:277,10
DA:285,11
DA:286,53
DA:288,11
DA:289,10
DA:290,10
DA:291,10
DA:292,10
DA:298,11
DA:299,11
DA:300,11
DA:301,11
DA:302,11
DA:307,17
DA:308,17
DA:310,90
DA:317,12
DA:319,2
DA:335,1
DA:336,1
DA:337,1
DA:338,1
DA:339,1
DA:347,0
DA:353,1
DA:354,1
DA:355,1
DA:356,1
DA:357,1
DA:365,0
LF:150
LH:125
BRDA:24,0,0,12
BRDA:24,0,1,10
BRDA:39,1,0,2
BRDA:39,1,1,2
BRDA:41,2,0,0
BRDA:41,2,1,2
BRDA:47,3,0,1
BRDA:47,3,1,1
BRDA:50,4,0,0
BRDA:50,4,1,1
BRDA:50,5,0,1
BRDA:50,5,1,1
BRDA:61,6,0,1
BRDA:61,6,1,0
BRDA:74,7,0,3
BRDA:74,7,1,3
BRDA:78,8,0,3
BRDA:78,8,1,0
BRDA:95,9,0,1
BRDA:95,9,1,4
BRDA:117,10,0,0
BRDA:117,10,1,24
BRDA:126,11,0,0
BRDA:126,11,1,4
BRDA:133,12,0,2
BRDA:133,12,1,0
BRDA:134,13,0,2
BRDA:134,13,1,0
BRDA:138,14,0,1
BRDA:138,14,1,1
BRDA:139,15,0,0
BRDA:139,15,1,2
BRDA:144,16,0,2
BRDA:144,16,1,0
BRDA:145,17,0,2
BRDA:145,17,1,0
BRDA:152,18,0,2
BRDA:152,18,1,0
BRDA:153,19,0,2
BRDA:153,19,1,0
BRDA:160,20,0,1
BRDA:160,20,1,0
BRDA:161,21,0,1
BRDA:161,21,1,0
BRDA:166,22,0,1
BRDA:166,22,1,0
BRDA:171,23,0,0
BRDA:171,23,1,0
BRDA:172,24,0,0
BRDA:172,24,1,0
BRDA:173,25,0,0
BRDA:173,25,1,0
BRDA:174,26,0,0
BRDA:174,26,1,0
BRDA:176,27,0,0
BRDA:176,27,1,0
BRDA:185,28,0,0
BRDA:185,28,1,0
BRDA:186,29,0,0
BRDA:186,29,1,0
BRDA:187,30,0,0
BRDA:187,30,1,0
BRDA:196,31,0,1
BRDA:196,31,1,0
BRDA:197,32,0,1
BRDA:197,32,1,0
BRDA:203,33,0,0
BRDA:203,33,1,1
BRDA:211,34,0,0
BRDA:211,34,1,40
BRDA:228,35,0,0
BRDA:228,35,1,8
BRDA:239,36,0,128
BRDA:239,36,1,128
BRDA:240,37,0,128
BRDA:240,37,1,0
BRDA:242,38,0,72
BRDA:242,38,1,56
BRDA:250,39,0,8
BRDA:250,39,1,32
BRDA:288,40,0,10
BRDA:288,40,1,1
BRDA:288,41,0,11
BRDA:288,41,1,10
BRDA:291,42,0,10
BRDA:291,42,1,0
BRDA:310,43,0,90
BRDA:310,43,1,90
BRDA:310,43,2,78
BRDA:318,44,0,12
BRDA:318,44,1,3
BRDA:318,44,2,1
BRDA:333,45,0,1
BRDA:338,46,0,1
BRDA:338,46,1,0
BRDA:351,47,0,1
BRDA:356,48,0,1
BRDA:356,48,1,0
BRF:98
BRH:57
end_of_record
TN:
SF:src\utils\menuUtils.ts
FN:6,createMenuItem
FN:19,createMenuItems
FN:25,(anonymous_2)
FN:28,(anonymous_3)
FN:32,(anonymous_4)
FN:36,(anonymous_5)
FNF:6
FNH:0
FNDA:0,createMenuItem
FNDA:0,createMenuItems
FNDA:0,(anonymous_2)
FNDA:0,(anonymous_3)
FNDA:0,(anonymous_4)
FNDA:0,(anonymous_5)
DA:11,0
DA:25,0
DA:27,0
DA:29,0
DA:30,0
DA:33,0
DA:34,0
DA:37,0
DA:38,0
LF:9
LH:0
BRF:0
BRH:0
end_of_record
TN:
SF:src\utils\validation.ts
FN:11,isValidIPv6String
FN:31,hasExactlyEightHextets
FN:35,allHextetsAreFourDigits
FN:36,(anonymous_3)
FN:39,isFullAddressFormat
FN:45,extractAddressAndPrefix
FN:53,parsePrefixInput
FN:67,validateAnswer
FN:88,isShortestAbbreviationMatch
FN:106,validateFullToAbbrevAnswer
FN:113,validateAbbrevToFullAnswer
FN:121,extractPrefixComponents
FN:134,extractUserAddressFromPrefix
FN:140,validatePrefixAnswer
FN:154,validateMathAnswer
FN:161,computeShortestFormFromUserInput
FN:184,createResultMessage
FN:191,createResultState
FN:206,getDetailedFeedback
FN:244,getFullToAbbrevFeedback
FN:287,getAbbrevToFullFeedback
FN:306,(anonymous_21)
FN:323,getPrefixFeedback
FN:373,getMathFeedback
FNF:24
FNH:16
FNDA:192,isValidIPv6String
FNDA:115,hasExactlyEightHextets
FNDA:73,allHextetsAreFourDigits
FNDA:514,(anonymous_3)
FNDA:115,isFullAddressFormat
FNDA:66,extractAddressAndPrefix
FNDA:66,parsePrefixInput
FNDA:160,validateAnswer
FNDA:97,isShortestAbbreviationMatch
FNDA:64,validateFullToAbbrevAnswer
FNDA:42,validateAbbrevToFullAnswer
FNDA:33,extractPrefixComponents
FNDA:33,extractUserAddressFromPrefix
FNDA:33,validatePrefixAnswer
FNDA:21,validateMathAnswer
FNDA:43,computeShortestFormFromUserInput
FNDA:0,createResultMessage
FNDA:0,createResultState
FNDA:0,getDetailedFeedback
FNDA:0,getFullToAbbrevFeedback
FNDA:0,getAbbrevToFullFeedback
FNDA:0,(anonymous_21)
FNDA:0,getPrefixFeedback
FNDA:0,getMathFeedback
DA:12,192
DA:14,186
DA:17,186
DA:20,177
DA:22,175
DA:23,175
DA:25,169
DA:27,6
DA:32,115
DA:36,514
DA:40,115
DA:41,115
DA:42,115
DA:48,66
DA:49,66
DA:50,66
DA:54,66
DA:55,66
DA:56,66
DA:57,66
DA:58,66
DA:59,66
DA:60,66
DA:61,66
DA:63,0
DA:72,160
DA:74,160
DA:76,64
DA:78,42
DA:80,33
DA:82,21
DA:84,0
DA:92,97
DA:93,97
DA:94,97
DA:95,97
DA:96,97
DA:97,97
DA:102,0
DA:110,64
DA:117,42
DA:118,21
DA:125,33
DA:126,33
DA:127,33
DA:128,33
DA:129,0
DA:131,33
DA:135,33
DA:136,33
DA:137,33
DA:144,33
DA:145,33
DA:147,33
DA:148,33
DA:149,33
DA:150,33
DA:151,33
DA:158,21
DA:165,43
DA:167,41
DA:170,41
DA:172,35
DA:174,32
DA:175,32
DA:177,32
DA:178,32
DA:180,0
DA:188,0
DA:197,0
DA:212,0
DA:213,0
DA:220,0
DA:226,0
DA:228,0
DA:229,0
DA:231,0
DA:232,0
DA:234,0
DA:235,0
DA:237,0
DA:238,0
DA:241,0
DA:248,0
DA:249,0
DA:260,0
DA:261,0
DA:262,0
DA:264,0
DA:265,0
DA:277,0
DA:284,0
DA:291,0
DA:293,0
DA:294,0
DA:306,0
DA:307,0
DA:308,0
DA:320,0
DA:327,0
DA:329,0
DA:330,0
DA:342,0
DA:343,0
DA:344,0
DA:346,0
DA:347,0
DA:358,0
DA:359,0
DA:370,0
DA:377,0
DA:378,0
DA:380,0
DA:381,0
DA:388,0
DA:389,0
LF:116
LH:63
BRDA:12,0,0,6
BRDA:12,0,1,186
BRDA:12,1,0,192
BRDA:12,1,1,186
BRDA:17,2,0,9
BRDA:17,2,1,177
BRDA:20,3,0,2
BRDA:20,3,1,175
BRDA:20,4,0,177
BRDA:20,4,1,177
BRDA:42,5,0,115
BRDA:42,5,1,73
BRDA:49,6,0,0
BRDA:49,6,1,66
BRDA:49,7,0,66
BRDA:49,7,1,66
BRDA:49,7,2,66
BRDA:56,8,0,0
BRDA:56,8,1,66
BRDA:60,9,0,0
BRDA:60,9,1,66
BRDA:60,10,0,66
BRDA:60,10,1,66
BRDA:74,11,0,64
BRDA:74,11,1,42
BRDA:74,11,2,33
BRDA:74,11,3,21
BRDA:74,11,4,0
BRDA:93,12,0,0
BRDA:93,12,1,97
BRDA:98,13,0,97
BRDA:98,13,1,65
BRDA:117,14,0,21
BRDA:117,14,1,21
BRDA:128,15,0,0
BRDA:128,15,1,33
BRDA:128,16,0,33
BRDA:128,16,1,33
BRDA:136,17,0,0
BRDA:136,17,1,33
BRDA:136,18,0,33
BRDA:136,18,1,33
BRDA:145,19,0,0
BRDA:145,19,1,33
BRDA:148,20,0,0
BRDA:148,20,1,33
BRDA:150,21,0,0
BRDA:150,21,1,33
BRDA:165,22,0,2
BRDA:165,22,1,41
BRDA:165,23,0,43
BRDA:165,23,1,41
BRDA:170,24,0,6
BRDA:170,24,1,35
BRDA:172,25,0,3
BRDA:172,25,1,32
BRDA:177,26,0,0
BRDA:177,26,1,32
BRDA:188,27,0,0
BRDA:188,27,1,0
BRDA:212,28,0,0
BRDA:212,28,1,0
BRDA:226,29,0,0
BRDA:226,29,1,0
BRDA:226,29,2,0
BRDA:226,29,3,0
BRDA:248,30,0,0
BRDA:248,30,1,0
BRDA:264,31,0,0
BRDA:264,31,1,0
BRDA:293,32,0,0
BRDA:293,32,1,0
BRDA:307,33,0,0
BRDA:307,33,1,0
BRDA:329,34,0,0
BRDA:329,34,1,0
BRDA:329,35,0,0
BRDA:329,35,1,0
BRDA:329,35,2,0
BRDA:346,36,0,0
BRDA:346,36,1,0
BRDA:346,37,0,0
BRDA:346,37,1,0
BRDA:358,38,0,0
BRDA:358,38,1,0
BRDA:380,39,0,0
BRDA:380,39,1,0
BRDA:396,40,0,0
BRDA:396,40,1,0
BRF:89
BRH:47
end_of_record
